2025-03-26 02:05:07,269 - INFO - 最小割引率: 15%
2025-03-26 02:05:07,269 - INFO - 検索開始: カテゴリ=Electronics, キーワード=セール
2025-03-26 02:05:07,269 - INFO - 商品検索中... キーワード: セール, カテゴリ: Electronics
2025-03-26 02:05:08,044 - INFO - レスポンスステータス: 200
2025-03-26 02:05:08,044 - INFO - 商品情報取得中... ASIN: B0CC944LHR
2025-03-26 02:05:11,480 - INFO - 商品情報取得中... ASIN: B0D1FRK57X
2025-03-26 02:05:14,824 - INFO - 商品情報取得中... ASIN: B0DNW2JZWQ
2025-03-26 02:05:18,318 - INFO - 商品情報取得中... ASIN: B0C65KM3ZT
2025-03-26 02:05:21,683 - INFO - 商品情報取得中... ASIN: B0DPXSS7KX
2025-03-26 02:05:25,038 - INFO - 商品情報取得中... ASIN: B0DHP4R5PV
2025-03-26 02:05:28,408 - INFO - 商品情報取得中... ASIN: B0DG2GHJJ6
2025-03-26 02:05:31,791 - INFO - 商品情報取得中... ASIN: B0CTSXXXD8
2025-03-26 02:05:35,153 - INFO - 商品情報取得中... ASIN: B0D9NVMB76
2025-03-26 02:05:38,498 - INFO - 商品情報取得中... ASIN: B0DTY52FVV
2025-03-26 02:05:41,840 - INFO - 割引商品発見: 6件 (カテゴリ=Electronics)
2025-03-26 02:05:41,841 - INFO - 検索開始: カテゴリ=HomeAndKitchen, キーワード=セール
2025-03-26 02:05:41,841 - INFO - 商品検索中... キーワード: セール, カテゴリ: HomeAndKitchen
2025-03-26 02:05:42,500 - INFO - レスポンスステータス: 200
2025-03-26 02:05:42,501 - INFO - 商品情報取得中... ASIN: B08JKFH23G
2025-03-26 02:05:45,851 - INFO - 商品情報取得中... ASIN: B086WC17J8
2025-03-26 02:05:49,189 - INFO - 商品情報取得中... ASIN: B0CC944LHR
2025-03-26 02:05:52,551 - INFO - 商品情報取得中... ASIN: B0BFB5RTCR
2025-03-26 02:05:55,900 - INFO - 商品情報取得中... ASIN: B0D1FRK57X
2025-03-26 02:05:59,236 - INFO - 商品情報取得中... ASIN: B0CKWWYZMV
2025-03-26 02:06:02,650 - INFO - 商品情報取得中... ASIN: B0CFY8YCPV
2025-03-26 02:06:06,033 - INFO - 商品情報取得中... ASIN: B0C65KM3ZT
2025-03-26 02:06:09,487 - INFO - 商品情報取得中... ASIN: B0DNW2JZWQ
2025-03-26 02:06:12,871 - INFO - 商品情報取得中... ASIN: B0CYFYJHMP
2025-03-26 02:06:16,208 - INFO - 割引商品発見: 6件 (カテゴリ=HomeAndKitchen)
2025-03-26 02:06:16,208 - INFO - 検索開始: カテゴリ=VideoGames, キーワード=セール
2025-03-26 02:06:16,208 - INFO - 商品検索中... キーワード: セール, カテゴリ: VideoGames
2025-03-26 02:06:16,843 - INFO - レスポンスステータス: 200
2025-03-26 02:06:16,844 - INFO - 商品情報取得中... ASIN: B086GRKKR9
2025-03-26 02:06:20,194 - INFO - 商品情報取得中... ASIN: B09997WD23
2025-03-26 02:06:23,704 - INFO - 商品情報取得中... ASIN: B0BBFKZWZL
2025-03-26 02:06:27,041 - INFO - 商品情報取得中... ASIN: B07D131MS4
2025-03-26 02:06:30,423 - INFO - 商品情報取得中... ASIN: B0CN2QDWSC
2025-03-26 02:06:33,823 - INFO - 商品情報取得中... ASIN: B0DYF7MJ15
2025-03-26 02:06:37,229 - INFO - 商品情報取得中... ASIN: B0DCMSZB7C
2025-03-26 02:06:40,620 - INFO - 商品情報取得中... ASIN: B086F3VRS5
2025-03-26 02:06:43,973 - INFO - 商品情報取得中... ASIN: B09RWPG2PT
2025-03-26 02:06:47,352 - INFO - 商品情報取得中... ASIN: B0B4WMP6R9
2025-03-26 02:06:50,661 - INFO - 割引商品発見: 3件 (カテゴリ=VideoGames)
2025-03-26 02:06:50,661 - INFO - 検索開始: カテゴリ=Beauty, キーワード=セール
2025-03-26 02:06:50,662 - INFO - 商品検索中... キーワード: セール, カテゴリ: Beauty
2025-03-26 02:06:51,274 - INFO - レスポンスステータス: 200
2025-03-26 02:06:51,275 - INFO - 商品情報取得中... ASIN: B0BDFHK2CS
2025-03-26 02:06:54,644 - INFO - 商品情報取得中... ASIN: B07K3DVT9B
2025-03-26 02:06:58,076 - INFO - 商品情報取得中... ASIN: B09X9V96PY
2025-03-26 02:07:01,411 - INFO - 商品情報取得中... ASIN: B0CHRQ5VB1
2025-03-26 02:07:04,912 - INFO - 商品情報取得中... ASIN: B07W8SW6SN
2025-03-26 02:07:08,288 - INFO - 商品情報取得中... ASIN: B0DRC44LKS
2025-03-26 02:07:11,685 - INFO - 商品情報取得中... ASIN: B0D89Y474F
2025-03-26 02:07:15,045 - INFO - 商品情報取得中... ASIN: B07XZC1QR3
2025-03-26 02:07:18,466 - INFO - 商品情報取得中... ASIN: B0BD3MKLV9
2025-03-26 02:07:21,884 - INFO - 商品情報取得中... ASIN: B083X5R6VR
2025-03-26 02:07:25,233 - INFO - 割引商品発見: 4件 (カテゴリ=Beauty)
2025-03-26 02:07:25,234 - INFO - 検索開始: カテゴリ=Fashion, キーワード=セール
2025-03-26 02:07:25,234 - INFO - 商品検索中... キーワード: セール, カテゴリ: Fashion
2025-03-26 02:07:26,037 - INFO - レスポンスステータス: 200
2025-03-26 02:07:26,038 - INFO - 商品情報取得中... ASIN: B09Y8YY5SZ
2025-03-26 02:07:29,427 - INFO - 商品情報取得中... ASIN: B0BDFHK2CS
2025-03-26 02:07:32,769 - INFO - 商品情報取得中... ASIN: B004Y9IXZW
2025-03-26 02:07:36,101 - INFO - 商品情報取得中... ASIN: B07K3DVT9B
2025-03-26 02:07:39,486 - INFO - 商品情報取得中... ASIN: B07NBWWHKW
2025-03-26 02:07:42,877 - INFO - 商品情報取得中... ASIN: B01LYX1CG7
2025-03-26 02:07:46,219 - INFO - 商品情報取得中... ASIN: B0BR8674YZ
2025-03-26 02:07:49,615 - INFO - 商品情報取得中... ASIN: B0C7LFBTND
2025-03-26 02:07:52,952 - INFO - 商品情報取得中... ASIN: B01D4GJ41C
2025-03-26 02:07:56,289 - INFO - 商品情報取得中... ASIN: B0CNTFFC5K
2025-03-26 02:07:59,663 - INFO - 割引商品発見: 5件 (カテゴリ=Fashion)
2025-03-26 02:07:59,663 - INFO - 検索開始: カテゴリ=Electronics, キーワード=グラフィックボード
2025-03-26 02:07:59,663 - INFO - 商品検索中... キーワード: グラフィックボード, カテゴリ: Electronics
2025-03-26 02:08:00,277 - INFO - レスポンスステータス: 200
2025-03-26 02:08:00,277 - INFO - 商品情報取得中... ASIN: B01B14RGRI
2025-03-26 02:08:03,618 - INFO - 商品情報取得中... ASIN: B0CTJZCJH1
2025-03-26 02:08:06,986 - INFO - 商品情報取得中... ASIN: B0CGTV7MWN
2025-03-26 02:08:10,367 - INFO - 商品情報取得中... ASIN: B09FFCLT2Z
2025-03-26 02:08:13,739 - INFO - 商品情報取得中... ASIN: B0BL8LN93C
2025-03-26 02:08:17,126 - INFO - 商品情報取得中... ASIN: B0CTMQQGV3
2025-03-26 02:08:20,514 - INFO - 商品情報取得中... ASIN: B0DDGM3WV6
2025-03-26 02:08:23,846 - INFO - 商品情報取得中... ASIN: B0CDP7L7D5
2025-03-26 02:08:27,217 - INFO - 商品情報取得中... ASIN: B093LFGBZM
2025-03-26 02:08:30,578 - INFO - 割引商品発見: 2件 (カテゴリ=Electronics)
2025-03-26 02:08:30,578 - INFO - 検索開始: カテゴリ=PetSupplies, キーワード=セール
2025-03-26 02:08:30,578 - INFO - 商品検索中... キーワード: セール, カテゴリ: PetSupplies
2025-03-26 02:08:31,227 - INFO - レスポンスステータス: 200
2025-03-26 02:08:31,227 - INFO - 商品情報取得中... ASIN: B0CTGVCGPS
2025-03-26 02:08:34,563 - INFO - 商品情報取得中... ASIN: B000T5G6OK
2025-03-26 02:08:37,974 - INFO - 商品情報取得中... ASIN: B01LW4GTTC
2025-03-26 02:08:41,356 - INFO - 商品情報取得中... ASIN: B09V2F6YS5
2025-03-26 02:08:44,705 - INFO - 商品情報取得中... ASIN: B091PLS6MG
2025-03-26 02:08:48,099 - INFO - 商品情報取得中... ASIN: B0C2C7YFSJ
2025-03-26 02:08:51,439 - INFO - 商品情報取得中... ASIN: B0C2CGCT1N
2025-03-26 02:08:54,771 - INFO - 商品情報取得中... ASIN: B01LVU72SD
2025-03-26 02:08:58,123 - INFO - 商品情報取得中... ASIN: B07DTYCT6G
2025-03-26 02:09:01,468 - INFO - 商品情報取得中... ASIN: B09F912YZ7
2025-03-26 02:09:04,820 - INFO - 割引商品発見: 1件 (カテゴリ=PetSupplies)
2025-03-26 02:09:04,821 - INFO - 検索開始: カテゴリ=OfficeProducts, キーワード=セール
2025-03-26 02:09:04,821 - INFO - 商品検索中... キーワード: セール, カテゴリ: OfficeProducts
2025-03-26 02:09:05,481 - INFO - レスポンスステータス: 200
2025-03-26 02:09:05,482 - INFO - 商品情報取得中... ASIN: B01KQ74994
2025-03-26 02:09:08,824 - INFO - 商品情報取得中... ASIN: B07G515TQS
2025-03-26 02:09:12,156 - INFO - 商品情報取得中... ASIN: B08R34PVNB
2025-03-26 02:09:15,539 - INFO - 商品情報取得中... ASIN: B0B11XYL8D
2025-03-26 02:09:18,940 - INFO - 商品情報取得中... ASIN: B095JQS5ZQ
2025-03-26 02:09:22,290 - INFO - 商品情報取得中... ASIN: B0D5CP14KF
2025-03-26 02:09:25,612 - INFO - 商品情報取得中... ASIN: B0090ZYIHM
2025-03-26 02:09:28,932 - INFO - 商品情報取得中... ASIN: B01K3UW8W4
2025-03-26 02:09:32,259 - INFO - 商品情報取得中... ASIN: B00NN8EZ16
2025-03-26 02:09:35,599 - INFO - 商品情報取得中... ASIN: B0D53FN826
2025-03-26 02:09:38,926 - INFO - 新しい割引商品はありませんでした: カテゴリ=OfficeProducts
2025-03-26 02:09:38,926 - INFO - 検索開始: カテゴリ=Toys, キーワード=セール
2025-03-26 02:09:38,926 - INFO - 商品検索中... キーワード: セール, カテゴリ: Toys
2025-03-26 02:09:39,620 - INFO - レスポンスステータス: 200
2025-03-26 02:09:39,620 - INFO - 商品情報取得中... ASIN: B002VPUOOE
2025-03-26 02:09:43,096 - INFO - 商品情報取得中... ASIN: B0DHYNRP1M
2025-03-26 02:09:46,473 - INFO - 商品情報取得中... ASIN: B0090ZYIHM
2025-03-26 02:09:49,817 - INFO - 商品情報取得中... ASIN: B0BVZ7G3PL
2025-03-26 02:09:53,153 - INFO - 商品情報取得中... ASIN: B0D2RXKL17
2025-03-26 02:09:56,502 - INFO - 商品情報取得中... ASIN: B0BQN6VGPN
2025-03-26 02:09:59,855 - INFO - 商品情報取得中... ASIN: B098QP5ZNW
2025-03-26 02:10:03,183 - INFO - 商品情報取得中... ASIN: B0D5X769L8
2025-03-26 02:10:06,597 - INFO - 商品情報取得中... ASIN: B09QSD74Q5
2025-03-26 02:10:10,057 - INFO - 商品情報取得中... ASIN: B0BRR3NGHC
2025-03-26 02:10:13,421 - INFO - 割引商品発見: 2件 (カテゴリ=Toys)
2025-03-26 02:10:13,421 - INFO - 検索開始: カテゴリ=Electronics, キーワード=スマートフォン
2025-03-26 02:10:13,421 - INFO - 商品検索中... キーワード: スマートフォン, カテゴリ: Electronics
2025-03-26 02:10:14,443 - INFO - レスポンスステータス: 200
2025-03-26 02:10:14,444 - INFO - 商品情報取得中... ASIN: B0DHDCR1YJ
2025-03-26 02:10:17,791 - INFO - 商品情報取得中... ASIN: B0DBQQH4NJ
2025-03-26 02:10:21,293 - INFO - 商品情報取得中... ASIN: B0CX48SRML
2025-03-26 02:10:24,727 - INFO - 商品情報取得中... ASIN: B0DSN5MDZT
2025-03-26 02:10:28,061 - INFO - 商品情報取得中... ASIN: B0D6YJW5VC
2025-03-26 02:10:31,436 - INFO - 商品情報取得中... ASIN: B0DHZKLV7V
2025-03-26 02:10:34,962 - INFO - 商品情報取得中... ASIN: B0CGWDMP5D
2025-03-26 02:10:38,286 - INFO - 商品情報取得中... ASIN: B08R841VB1
2025-03-26 02:10:41,646 - INFO - 商品情報取得中... ASIN: B0CX1LKLQH
2025-03-26 02:10:45,036 - INFO - 商品情報取得中... ASIN: B0DBR16GGH
2025-03-26 02:10:48,379 - INFO - 割引商品発見: 5件 (カテゴリ=Electronics)
2025-03-26 02:10:48,380 - INFO - 検索開始: カテゴリ=All, キーワード=セール
2025-03-26 02:10:48,380 - INFO - 商品検索中... キーワード: セール, カテゴリ: All
2025-03-26 02:10:49,047 - INFO - レスポンスステータス: 200
2025-03-26 02:10:49,048 - INFO - 商品情報取得中... ASIN: B0CH4RQSY1
2025-03-26 02:10:52,358 - INFO - 商品情報取得中... ASIN: B08JKFH23G
2025-03-26 02:10:55,721 - INFO - 商品情報取得中... ASIN: B09Y8YY5SZ
2025-03-26 02:10:59,122 - INFO - 商品情報取得中... ASIN: B08XR3JJ87
2025-03-26 02:11:02,458 - INFO - 商品情報取得中... ASIN: B0BDFHK2CS
2025-03-26 02:11:05,865 - INFO - 商品情報取得中... ASIN: B086WC17J8
2025-03-26 02:11:09,233 - INFO - 商品情報取得中... ASIN: B0BS932758
2025-03-26 02:11:12,593 - INFO - 商品情報取得中... ASIN: B09X9V96PY
2025-03-26 02:11:16,018 - INFO - 商品情報取得中... ASIN: B004Y9IXZW
2025-03-26 02:11:19,374 - INFO - 商品情報取得中... ASIN: B07NBWWHKW
2025-03-26 02:11:22,778 - INFO - 割引商品発見: 6件 (カテゴリ=All)
2025-03-26 02:11:22,779 - INFO - 検索結果を discount_results.json に保存しました
2025-03-26 02:11:22,779 - INFO - 合計 40件の新しい割引商品が見つかりました
2025-03-26 02:11:22,779 - INFO - 商品 1/5 を投稿: 【公式ストア限定】Deestop 目元エステ アイウォーマー...
2025-03-26 02:11:22,780 - INFO - Twitter APIの制限により投稿をスキップします
2025-03-26 02:11:22,780 - INFO - Threads認証: 長期アクセストークンを使用します
2025-03-26 02:11:22,780 - INFO - Threads投稿: ステップ1 - コンテナID作成中...
2025-03-26 02:11:26,233 - INFO - Threads投稿: コンテナID取得成功: 18038104112232939
2025-03-26 02:11:26,233 - INFO - Threads投稿: ステップ2 - 投稿公開中...
2025-03-26 02:11:33,496 - INFO - Threadsに投稿しました: 【公式ストア限定】Deestop 目元エステ アイウォーマー...
2025-03-26 02:11:33,496 - INFO - Threads投稿結果: 成功
2025-03-26 02:11:38,502 - INFO - 商品 2/5 を投稿: 【公式ストア限定】Deestop 目元エステ アイウォーマー...
2025-03-26 02:11:38,502 - INFO - Twitter APIの制限により投稿をスキップします
2025-03-26 02:11:38,502 - INFO - Threads認証: 長期アクセストークンを使用します
2025-03-26 02:11:38,502 - INFO - Threads投稿: ステップ1 - コンテナID作成中...
2025-03-26 02:11:40,838 - INFO - Threads投稿: コンテナID取得成功: 17903929731111037
2025-03-26 02:11:40,838 - INFO - Threads投稿: ステップ2 - 投稿公開中...
2025-03-26 02:11:43,314 - INFO - Threadsに投稿しました: 【公式ストア限定】Deestop 目元エステ アイウォーマー...
2025-03-26 02:11:43,315 - INFO - Threads投稿結果: 成功
2025-03-26 02:11:48,320 - INFO - 商品 3/5 を投稿: シャオミ(Xiaomi) SIMフリースマートフォン Red...
2025-03-26 02:11:48,320 - INFO - Twitter APIの制限により投稿をスキップします
2025-03-26 02:11:48,320 - INFO - Threads認証: 長期アクセストークンを使用します
2025-03-26 02:11:48,320 - INFO - Threads投稿: ステップ1 - コンテナID作成中...
2025-03-26 02:11:51,477 - INFO - Threads投稿: コンテナID取得成功: 17979739739818917
2025-03-26 02:11:51,477 - INFO - Threads投稿: ステップ2 - 投稿公開中...
2025-03-26 02:11:57,622 - INFO - Threadsに投稿しました: シャオミ(Xiaomi) SIMフリースマートフォン Red...
2025-03-26 02:11:57,623 - INFO - Threads投稿結果: 成功
2025-03-26 02:12:02,628 - INFO - 商品 4/5 を投稿: JOHNNIE WALKER(ジョニーウォーカー) ウイスキ...
2025-03-26 02:12:02,628 - INFO - Twitter APIの制限により投稿をスキップします
2025-03-26 02:12:02,628 - INFO - Threads認証: 長期アクセストークンを使用します
2025-03-26 02:12:02,628 - INFO - Threads投稿: ステップ1 - コンテナID作成中...
2025-03-26 02:12:04,934 - INFO - Threads投稿: コンテナID取得成功: 18494818780035428
2025-03-26 02:12:04,934 - INFO - Threads投稿: ステップ2 - 投稿公開中...
2025-03-26 02:12:14,067 - INFO - Threadsに投稿しました: JOHNNIE WALKER(ジョニーウォーカー) ウイスキ...
2025-03-26 02:12:14,067 - INFO - Threads投稿結果: 成功
2025-03-26 02:12:19,072 - INFO - 商品 5/5 を投稿: Lumimi バスタオル ふわふわ ホテル仕様 大判 瞬間吸...
2025-03-26 02:12:19,072 - INFO - Twitter APIの制限により投稿をスキップします
2025-03-26 02:12:19,072 - INFO - Threads認証: 長期アクセストークンを使用します
2025-03-26 02:12:19,073 - INFO - Threads投稿: ステップ1 - コンテナID作成中...
2025-03-26 02:12:21,381 - INFO - Threads投稿: コンテナID取得成功: 18034760384300250
2025-03-26 02:12:21,381 - INFO - Threads投稿: ステップ2 - 投稿公開中...
2025-03-26 02:12:27,654 - INFO - Threadsに投稿しました: Lumimi バスタオル ふわふわ ホテル仕様 大判 瞬間吸...
2025-03-26 02:12:27,654 - INFO - Threads投稿結果: 成功
2025-03-26 03:05:51,737 - INFO - 最小割引率: 15%
2025-03-26 03:05:51,738 - INFO - 検索開始: カテゴリ=Electronics, キーワード=セール
2025-03-26 03:05:51,738 - INFO - 商品検索中... キーワード: セール, カテゴリ: Electronics
2025-03-26 03:05:52,635 - INFO - レスポンスステータス: 200
2025-03-26 03:05:52,635 - INFO - 商品情報取得中... ASIN: B0CC944LHR
2025-03-26 03:05:56,188 - INFO - 商品情報取得中... ASIN: B0D1FRK57X
2025-03-26 03:05:59,643 - INFO - 商品情報取得中... ASIN: B0DNW2JZWQ
2025-03-26 03:06:03,193 - INFO - 商品情報取得中... ASIN: B0C65KM3ZT
2025-03-26 03:06:06,575 - INFO - 商品情報取得中... ASIN: B0DPXSS7KX
2025-03-26 03:06:09,979 - INFO - 商品情報取得中... ASIN: B0DHP4R5PV
2025-03-26 03:06:13,373 - INFO - 商品情報取得中... ASIN: B0DG2GHJJ6
2025-03-26 03:06:17,187 - INFO - 商品情報取得中... ASIN: B0CTSXXXD8
2025-03-26 03:06:20,634 - INFO - 商品情報取得中... ASIN: B0D9NVMB76
2025-03-26 03:06:24,084 - INFO - 商品情報取得中... ASIN: B0DTY52FVV
2025-03-26 03:06:27,595 - INFO - 新しい割引商品はありませんでした: カテゴリ=Electronics
2025-03-26 03:06:27,595 - INFO - 検索開始: カテゴリ=HomeAndKitchen, キーワード=セール
2025-03-26 03:06:27,596 - INFO - 商品検索中... キーワード: セール, カテゴリ: HomeAndKitchen
2025-03-26 03:06:28,273 - INFO - レスポンスステータス: 200
2025-03-26 03:06:28,273 - INFO - 商品情報取得中... ASIN: B08JKFH23G
2025-03-26 03:06:31,665 - INFO - 商品情報取得中... ASIN: B086WC17J8
2025-03-26 03:06:35,095 - INFO - 商品情報取得中... ASIN: B0CC944LHR
2025-03-26 03:06:38,426 - INFO - 商品情報取得中... ASIN: B0BFB5RTCR
2025-03-26 03:06:41,791 - INFO - 商品情報取得中... ASIN: B0D1FRK57X
2025-03-26 03:06:45,183 - INFO - 商品情報取得中... ASIN: B0CKWWYZMV
2025-03-26 03:06:48,598 - INFO - 商品情報取得中... ASIN: B0CFY8YCPV
2025-03-26 03:06:52,171 - INFO - 商品情報取得中... ASIN: B0C65KM3ZT
2025-03-26 03:06:55,535 - INFO - 商品情報取得中... ASIN: B0DNW2JZWQ
2025-03-26 03:06:58,895 - INFO - 商品情報取得中... ASIN: B0CYFYJHMP
2025-03-26 03:07:02,367 - INFO - 新しい割引商品はありませんでした: カテゴリ=HomeAndKitchen
2025-03-26 03:07:02,368 - INFO - 検索開始: カテゴリ=VideoGames, キーワード=セール
2025-03-26 03:07:02,368 - INFO - 商品検索中... キーワード: セール, カテゴリ: VideoGames
2025-03-26 03:07:02,881 - INFO - レスポンスステータス: 200
2025-03-26 03:07:02,881 - INFO - 商品情報取得中... ASIN: B086GRKKR9
2025-03-26 03:07:06,230 - INFO - 商品情報取得中... ASIN: B09997WD23
2025-03-26 03:07:09,571 - INFO - 商品情報取得中... ASIN: B0BBFKZWZL
2025-03-26 03:07:12,925 - INFO - 商品情報取得中... ASIN: B07D131MS4
2025-03-26 03:07:16,279 - INFO - 商品情報取得中... ASIN: B09998HHSY
2025-03-26 03:07:19,606 - INFO - 商品情報取得中... ASIN: B0CN2QDWSC
2025-03-26 03:07:23,008 - INFO - 商品情報取得中... ASIN: B0DYF7MJ15
2025-03-26 03:07:26,383 - INFO - 商品情報取得中... ASIN: B0DCMSZB7C
2025-03-26 03:07:29,742 - INFO - 商品情報取得中... ASIN: B086F3VRS5
2025-03-26 03:07:33,098 - INFO - 商品情報取得中... ASIN: B09RWPG2PT
2025-03-26 03:07:36,465 - INFO - 新しい割引商品はありませんでした: カテゴリ=VideoGames
2025-03-26 03:07:36,465 - INFO - 検索開始: カテゴリ=Beauty, キーワード=セール
2025-03-26 03:07:36,465 - INFO - 商品検索中... キーワード: セール, カテゴリ: Beauty
2025-03-26 03:07:37,246 - INFO - レスポンスステータス: 200
2025-03-26 03:07:37,247 - INFO - 商品情報取得中... ASIN: B0BDFHK2CS
2025-03-26 03:07:37,567 - WARNING - API制限に達しました。しばらく待ってから再試行します。
2025-03-26 03:07:46,577 - INFO - 商品情報取得中... ASIN: B07K3DVT9B
2025-03-26 03:07:49,979 - INFO - 商品情報取得中... ASIN: B09X9V96PY
2025-03-26 03:07:53,441 - INFO - 商品情報取得中... ASIN: B0CHRQ5VB1
2025-03-26 03:07:56,895 - INFO - 商品情報取得中... ASIN: B07W8SW6SN
2025-03-26 03:08:00,281 - INFO - 商品情報取得中... ASIN: B0DRC44LKS
2025-03-26 03:08:03,737 - INFO - 商品情報取得中... ASIN: B07XZC1QR3
2025-03-26 03:08:07,348 - INFO - 商品情報取得中... ASIN: B0D89Y474F
2025-03-26 03:08:10,804 - INFO - 商品情報取得中... ASIN: B0BD3MKLV9
2025-03-26 03:08:14,338 - INFO - 商品情報取得中... ASIN: B083X5R6VR
2025-03-26 03:08:17,718 - INFO - 新しい割引商品はありませんでした: カテゴリ=Beauty
2025-03-26 03:08:17,718 - INFO - 検索開始: カテゴリ=Fashion, キーワード=セール
2025-03-26 03:08:17,718 - INFO - 商品検索中... キーワード: セール, カテゴリ: Fashion
2025-03-26 03:08:18,319 - INFO - レスポンスステータス: 200
2025-03-26 03:08:18,319 - INFO - 商品情報取得中... ASIN: B09Y8YY5SZ
2025-03-26 03:08:21,676 - INFO - 商品情報取得中... ASIN: B0BDFHK2CS
2025-03-26 03:08:25,081 - INFO - 商品情報取得中... ASIN: B004Y9IXZW
2025-03-26 03:08:28,432 - INFO - 商品情報取得中... ASIN: B07K3DVT9B
2025-03-26 03:08:31,856 - INFO - 商品情報取得中... ASIN: B07NBWWHKW
2025-03-26 03:08:35,189 - INFO - 商品情報取得中... ASIN: B01LYX1CG7
2025-03-26 03:08:38,576 - INFO - 商品情報取得中... ASIN: B0BR8674YZ
2025-03-26 03:08:41,952 - INFO - 商品情報取得中... ASIN: B0C7LFBTND
2025-03-26 03:08:45,357 - INFO - 商品情報取得中... ASIN: B01D4GJ41C
2025-03-26 03:08:48,718 - INFO - 商品情報取得中... ASIN: B0CNTFFC5K
2025-03-26 03:08:52,168 - INFO - 新しい割引商品はありませんでした: カテゴリ=Fashion
2025-03-26 03:08:52,169 - INFO - 検索開始: カテゴリ=Electronics, キーワード=グラフィックボード
2025-03-26 03:08:52,169 - INFO - 商品検索中... キーワード: グラフィックボード, カテゴリ: Electronics
2025-03-26 03:08:52,827 - INFO - レスポンスステータス: 200
2025-03-26 03:08:52,827 - INFO - 商品情報取得中... ASIN: B01B14RGRI
2025-03-26 03:08:56,188 - INFO - 商品情報取得中... ASIN: B0CTJZCJH1
2025-03-26 03:08:59,549 - INFO - 商品情報取得中... ASIN: B0C5B4XNWR
2025-03-26 03:09:02,875 - INFO - 商品情報取得中... ASIN: B0CGTV7MWN
2025-03-26 03:09:06,339 - INFO - 商品情報取得中... ASIN: B09FFCLT2Z
2025-03-26 03:09:09,694 - INFO - 商品情報取得中... ASIN: B0BL8LN93C
2025-03-26 03:09:13,064 - INFO - 商品情報取得中... ASIN: B0CTMQQGV3
2025-03-26 03:09:16,497 - INFO - 商品情報取得中... ASIN: B0DDGM3WV6
2025-03-26 03:09:19,934 - INFO - 商品情報取得中... ASIN: B0CDP7L7D5
2025-03-26 03:09:23,290 - INFO - 新しい割引商品はありませんでした: カテゴリ=Electronics
2025-03-26 03:09:23,290 - INFO - 検索開始: カテゴリ=PetSupplies, キーワード=セール
2025-03-26 03:09:23,291 - INFO - 商品検索中... キーワード: セール, カテゴリ: PetSupplies
2025-03-26 03:09:24,014 - INFO - レスポンスステータス: 200
2025-03-26 03:09:24,015 - INFO - 商品情報取得中... ASIN: B0CTGVCGPS
2025-03-26 03:09:27,448 - INFO - 商品情報取得中... ASIN: B000T5G6OK
2025-03-26 03:09:31,027 - INFO - 商品情報取得中... ASIN: B09V2F6YS5
2025-03-26 03:09:34,519 - INFO - 商品情報取得中... ASIN: B01LW4GTTC
2025-03-26 03:09:38,003 - INFO - 商品情報取得中... ASIN: B091PLS6MG
2025-03-26 03:09:41,426 - INFO - 商品情報取得中... ASIN: B0C2C7YFSJ
2025-03-26 03:09:44,885 - INFO - 商品情報取得中... ASIN: B0C2CGCT1N
2025-03-26 03:09:48,347 - INFO - 商品情報取得中... ASIN: B01LVU72SD
2025-03-26 03:09:51,792 - INFO - 商品情報取得中... ASIN: B07DTYCT6G
2025-03-26 03:09:55,158 - INFO - 商品情報取得中... ASIN: B09F912YZ7
2025-03-26 03:09:58,611 - INFO - 新しい割引商品はありませんでした: カテゴリ=PetSupplies
2025-03-26 03:09:58,611 - INFO - 検索開始: カテゴリ=OfficeProducts, キーワード=セール
2025-03-26 03:09:58,611 - INFO - 商品検索中... キーワード: セール, カテゴリ: OfficeProducts
2025-03-26 03:09:59,307 - INFO - レスポンスステータス: 200
2025-03-26 03:09:59,308 - INFO - 商品情報取得中... ASIN: B01KQ74994
2025-03-26 03:10:02,658 - INFO - 商品情報取得中... ASIN: B07G515TQS
2025-03-26 03:10:06,142 - INFO - 商品情報取得中... ASIN: B08R34PVNB
2025-03-26 03:10:09,545 - INFO - 商品情報取得中... ASIN: B095JQS5ZQ
2025-03-26 03:10:12,901 - INFO - 商品情報取得中... ASIN: B0B11XYL8D
2025-03-26 03:10:16,276 - INFO - 商品情報取得中... ASIN: B0D5CP14KF
2025-03-26 03:10:19,643 - INFO - 商品情報取得中... ASIN: B0090ZYIHM
2025-03-26 03:10:23,026 - INFO - 商品情報取得中... ASIN: B01K3UW8W4
2025-03-26 03:10:26,373 - INFO - 商品情報取得中... ASIN: B00NN8EZ16
2025-03-26 03:10:29,747 - INFO - 商品情報取得中... ASIN: B0D53FN826
2025-03-26 03:10:33,134 - INFO - 新しい割引商品はありませんでした: カテゴリ=OfficeProducts
2025-03-26 03:10:33,134 - INFO - 検索開始: カテゴリ=Toys, キーワード=セール
2025-03-26 03:10:33,134 - INFO - 商品検索中... キーワード: セール, カテゴリ: Toys
2025-03-26 03:10:33,950 - INFO - レスポンスステータス: 200
2025-03-26 03:10:33,951 - INFO - 商品情報取得中... ASIN: B002VPUOOE
2025-03-26 03:10:37,564 - INFO - 商品情報取得中... ASIN: B0DHYNRP1M
2025-03-26 03:10:40,980 - INFO - 商品情報取得中... ASIN: B0090ZYIHM
2025-03-26 03:10:44,348 - INFO - 商品情報取得中... ASIN: B0BVZ7G3PL
2025-03-26 03:10:47,774 - INFO - 商品情報取得中... ASIN: B0D2RXKL17
2025-03-26 03:10:51,136 - INFO - 商品情報取得中... ASIN: B0BQN6VGPN
2025-03-26 03:10:54,512 - INFO - 商品情報取得中... ASIN: B098QP5ZNW
2025-03-26 03:10:57,964 - INFO - 商品情報取得中... ASIN: B0D5X769L8
2025-03-26 03:11:01,353 - INFO - 商品情報取得中... ASIN: B09QSD74Q5
2025-03-26 03:11:04,812 - INFO - 商品情報取得中... ASIN: B0BRR3NGHC
2025-03-26 03:11:08,361 - INFO - 新しい割引商品はありませんでした: カテゴリ=Toys
2025-03-26 03:11:08,361 - INFO - 検索開始: カテゴリ=Electronics, キーワード=スマートフォン
2025-03-26 03:11:08,361 - INFO - 商品検索中... キーワード: スマートフォン, カテゴリ: Electronics
2025-03-26 03:11:09,193 - INFO - レスポンスステータス: 200
2025-03-26 03:11:09,194 - INFO - 商品情報取得中... ASIN: B0DHDCR1YJ
2025-03-26 03:11:12,547 - INFO - 商品情報取得中... ASIN: B0DBQQH4NJ
2025-03-26 03:11:15,892 - INFO - 商品情報取得中... ASIN: B0CX48SRML
2025-03-26 03:11:19,276 - INFO - 商品情報取得中... ASIN: B0DSN5MDZT
2025-03-26 03:11:22,628 - INFO - 商品情報取得中... ASIN: B0D6YJW5VC
2025-03-26 03:11:25,987 - INFO - 商品情報取得中... ASIN: B0DHZKLV7V
2025-03-26 03:11:29,400 - INFO - 商品情報取得中... ASIN: B0CGWDMP5D
2025-03-26 03:11:32,774 - INFO - 商品情報取得中... ASIN: B08R841VB1
2025-03-26 03:11:36,517 - INFO - 商品情報取得中... ASIN: B0CX1LKLQH
2025-03-26 03:11:39,866 - INFO - 商品情報取得中... ASIN: B0DBR16GGH
2025-03-26 03:11:43,299 - INFO - 新しい割引商品はありませんでした: カテゴリ=Electronics
2025-03-26 03:11:43,299 - INFO - 検索開始: カテゴリ=All, キーワード=セール
2025-03-26 03:11:43,299 - INFO - 商品検索中... キーワード: セール, カテゴリ: All
2025-03-26 03:11:44,298 - INFO - レスポンスステータス: 200
2025-03-26 03:11:44,299 - INFO - 商品情報取得中... ASIN: B08JKFH23G
2025-03-26 03:11:47,695 - INFO - 商品情報取得中... ASIN: B0CH4RQSY1
2025-03-26 03:11:51,031 - INFO - 商品情報取得中... ASIN: B09Y8YY5SZ
2025-03-26 03:11:54,447 - INFO - 商品情報取得中... ASIN: B08XR3JJ87
2025-03-26 03:11:57,891 - INFO - 商品情報取得中... ASIN: B0BDFHK2CS
2025-03-26 03:12:01,271 - INFO - 商品情報取得中... ASIN: B086WC17J8
2025-03-26 03:12:04,643 - INFO - 商品情報取得中... ASIN: B0BS932758
2025-03-26 03:12:08,184 - INFO - 商品情報取得中... ASIN: B09X9V96PY
2025-03-26 03:12:11,542 - INFO - 商品情報取得中... ASIN: B004Y9IXZW
2025-03-26 03:12:14,966 - INFO - 商品情報取得中... ASIN: B07NBWWHKW
2025-03-26 03:12:18,368 - INFO - 新しい割引商品はありませんでした: カテゴリ=All
2025-03-26 03:12:18,368 - INFO - 新しい割引商品は見つかりませんでした
